<?xml version="1.0" encoding="UTF-8"?>
<testng-results skipped="0" failed="0" ignored="0" total="2" passed="2">
  <reporter-output>
  </reporter-output>
  <suite name="Default suite" duration-ms="30018" started-at="2020-05-29T04:45:31Z" finished-at="2020-05-29T04:46:01Z">
    <groups>
    </groups>
    <test name="Default test" duration-ms="30018" started-at="2020-05-29T04:45:31Z" finished-at="2020-05-29T04:46:01Z">
      <class name="com.qa.TestCases.HomePageTest">
        <test-method status="PASS" signature="setUp()[pri:0, instance:com.qa.TestCases.HomePageTest@42d80b78]" name="setUp" is-config="true" duration-ms="13223" started-at="2020-05-29T10:15:31Z" finished-at="2020-05-29T10:15:44Z">
          <reporter-output>
          </reporter-output>
        </test-method> <!-- setUp -->
        <test-method status="PASS" signature="verifyHomePageTitleTest()[pri:1, instance:com.qa.TestCases.HomePageTest@42d80b78]" name="verifyHomePageTitleTest" duration-ms="1515" started-at="2020-05-29T10:15:44Z" finished-at="2020-05-29T10:15:46Z">
          <reporter-output>
          </reporter-output>
        </test-method> <!-- verifyHomePageTitleTest -->
        <test-method status="PASS" signature="tearDown()[pri:0, instance:com.qa.TestCases.HomePageTest@42d80b78]" name="tearDown" is-config="true" duration-ms="843" started-at="2020-05-29T10:15:46Z" finished-at="2020-05-29T10:15:47Z">
          <reporter-output>
          </reporter-output>
        </test-method> <!-- tearDown -->
        <test-method status="PASS" signature="setUp()[pri:0, instance:com.qa.TestCases.HomePageTest@42d80b78]" name="setUp" is-config="true" duration-ms="11314" started-at="2020-05-29T10:15:47Z" finished-at="2020-05-29T10:15:58Z">
          <reporter-output>
          </reporter-output>
        </test-method> <!-- setUp -->
        <test-method status="PASS" signature="clickOnTasksButton()[pri:2, instance:com.qa.TestCases.HomePageTest@42d80b78]" name="clickOnTasksButton" duration-ms="2135" started-at="2020-05-29T10:15:58Z" finished-at="2020-05-29T10:16:00Z">
          <reporter-output>
          </reporter-output>
        </test-method> <!-- clickOnTasksButton -->
        <test-method status="PASS" signature="tearDown()[pri:0, instance:com.qa.TestCases.HomePageTest@42d80b78]" name="tearDown" is-config="true" duration-ms="951" started-at="2020-05-29T10:16:00Z" finished-at="2020-05-29T10:16:01Z">
          <reporter-output>
          </reporter-output>
        </test-method> <!-- tearDown -->
      </class> <!-- com.qa.TestCases.HomePageTest -->
    </test> <!-- Default test -->
  </suite> <!-- Default suite -->
</testng-results>
